#
# A fatal error has been detected by the Java Runtime Environment:
#
#  EXCEPTION_ACCESS_VIOLATION (0xc0000005) at pc=0x000000005c7667c9, pid=4672, tid=0x00000000000013b4
#
# JRE version: OpenJDK Runtime Environment (8.0_112-b06) (build 1.8.0_112-release-b06)
# Java VM: OpenJDK 64-Bit Server VM (25.112-b06 mixed mode windows-amd64 compressed oops)
# Problematic frame:
# V  [jvm.dll+0x667c9]
#
# Failed to write core dump. Minidumps are not enabled by default on client versions of Windows
#
# If you would like to submit a bug report, please visit:
#   http://bugreport.java.com/bugreport/crash.jsp
#

---------------  T H R E A D  ---------------

Current thread (0x000000005a69e800):  JavaThread "Daemon worker" [_thread_in_vm, id=5044, stack(0x000000005d7e0000,0x000000005d8e0000)]

siginfo: ExceptionCode=0xc0000005, reading address 0xffffffffffffffff

Registers:
RAX=0x00000000163dece8, RBX=0x000000005ab507c0, RCX=0x000000005d8db330, RDX=0x000000005a69e800
RSP=0x000000005d8db1f0, RBP=0x000000005d8db330, RSI=0x0000000000000000, RDI=0x000000005796ef80
R8 =0x000000005e33c218, R9 =0x000000005e33bee0, R10=0x0000000000000000, R11=0x000000005e33beb0
R12=0x0008000063fec580, R13=0x000000005a69e800, R14=0x0000000000000000, R15=0x000000005796ef90
RIP=0x000000005c7667c9, EFLAGS=0x0000000000010246

Top of Stack: (sp=0x000000005d8db1f0)
0x000000005d8db1f0:   000000000000000d 000000005c7e80a5
0x000000005d8db200:   000000005d8db330 000000005c75ce5c
0x000000005d8db210:   000000005e33bee0 0000000000000000
0x000000005d8db220:   0000000000000000 000000005a69e800
0x000000005d8db230:   000000005e33beb0 000000005c7669e0
0x000000005d8db240:   000000005ab507c0 000000005796ef80
0x000000005d8db250:   000000005d8db340 000000005a69e801
0x000000005d8db260:   000000005a69e800 000000005c7993b7
0x000000005d8db270:   000000005796f368 0000000000000000
0x000000005d8db280:   000000005796ef90 000000000000042b
0x000000005d8db290:   0000000059bfc801 000000005e33ba80
0x000000005d8db2a0:   000000005e33ba80 000000005a69e800
0x000000005d8db2b0:   000000005ab509c0 000000005a6c9780
0x000000005d8db2c0:   000000005a6c97d8 000000005a6c9868
0x000000005d8db2d0:   00000000000000d8 000000005d8db5a0
0x000000005d8db2e0:   0000000059f01290 000000005d8db5e0 

Instructions: (pc=0x000000005c7667c9)
0x000000005c7667a9:   00 4c 8b c0 e8 ce 95 1e 00 48 8b 45 58 33 f6 48
0x000000005c7667b9:   89 5c 24 50 4c 8b a0 70 01 00 00 48 89 7c 24 58
0x000000005c7667c9:   4d 63 34 24 4d 85 f6 0f 8e 9b 00 00 00 49 83 c4
0x000000005c7667d9:   08 66 0f 1f 44 00 00 48 8b 45 58 f6 80 fe 00 00 


Register to memory mapping:

RAX=0x00000000163dece8 is pointing into metadata
RBX=0x000000005ab507c0 is an unknown value
RCX=0x000000005d8db330 is pointing into the stack for thread: 0x000000005a69e800
RDX=0x000000005a69e800 is a thread
RSP=0x000000005d8db1f0 is pointing into the stack for thread: 0x000000005a69e800
RBP=0x000000005d8db330 is pointing into the stack for thread: 0x000000005a69e800
RSI=0x0000000000000000 is an unknown value
RDI=0x000000005796ef80 is an unknown value
R8 =0x000000005e33c218 is an unknown value
R9 =0x000000005e33bee0 is an unknown value
R10=0x0000000000000000 is an unknown value
R11=0x000000005e33beb0 is an unknown value
R12=0x0008000063fec580 is an unknown value
R13=0x000000005a69e800 is a thread
R14=0x0000000000000000 is an unknown value
R15=0x000000005796ef90 is an unknown value


Stack: [0x000000005d7e0000,0x000000005d8e0000],  sp=0x000000005d8db1f0,  free space=1004k
Native frames: (J=compiled Java code, j=interpreted, Vv=VM code, C=native code)
V  [jvm.dll+0x667c9]
V  [jvm.dll+0x669e0]
V  [jvm.dll+0xea6d6]
V  [jvm.dll+0xeefa7]
V  [jvm.dll+0xef485]
V  [jvm.dll+0x9617d]
C  0x0000000002935011

Java frames: (J=compiled Java code, j=interpreted, Vv=VM code)
j  org.gradle.api.tasks.compile.JavaCompile.<init>()V+5
j  com.android.build.gradle.tasks.factory.AndroidJavaCompile.<init>()V+1
j  com.android.build.gradle.tasks.factory.AndroidJavaCompile_Decorated.<init>()V+1
v  ~StubRoutines::call_stub
J 2001  sun.reflect.NativeConstructorAccessorImpl.newInstance0(Ljava/lang/reflect/Constructor;[Ljava/lang/Object;)Ljava/lang/Object; (0 bytes) @ 0x00000000030beea6 [0x00000000030bee40+0x66]
J 2000 C1 sun.reflect.NativeConstructorAccessorImpl.newInstance([Ljava/lang/Object;)Ljava/lang/Object; (89 bytes) @ 0x00000000030c0304 [0x00000000030bf300+0x1004]
J 2177 C1 sun.reflect.DelegatingConstructorAccessorImpl.newInstance([Ljava/lang/Object;)Ljava/lang/Object; (9 bytes) @ 0x000000000319ad44 [0x000000000319ac40+0x104]
J 1403 C1 java.lang.reflect.Constructor.newInstance([Ljava/lang/Object;)Ljava/lang/Object; (87 bytes) @ 0x0000000002dd53c4 [0x0000000002dd4f00+0x4c4]
j  org.gradle.api.internal.DependencyInjectingInstantiator.newInstance(Ljava/lang/Class;[Ljava/lang/Object;)Ljava/lang/Object;+42
j  org.gradle.api.internal.ClassGeneratorBackedInstantiator.newInstance(Ljava/lang/Class;[Ljava/lang/Object;)Ljava/lang/Object;+19
j  org.gradle.api.internal.project.taskfactory.TaskFactory$1.call()Lorg/gradle/api/Task;+15
j  org.gradle.api.internal.project.taskfactory.TaskFactory$1.call()Ljava/lang/Object;+1
j  org.gradle.util.GUtil.uncheckedCall(Ljava/util/concurrent/Callable;)Ljava/lang/Object;+1
j  org.gradle.api.internal.AbstractTask.injectIntoNewInstance(Lorg/gradle/api/internal/project/ProjectInternal;Ljava/lang/String;Ljava/lang/Class;Ljava/util/concurrent/Callable;)Lorg/gradle/api/Task;+18
j  org.gradle.api.internal.project.taskfactory.TaskFactory.create(Ljava/lang/String;Ljava/lang/Class;)Lorg/gradle/api/internal/TaskInternal;+88
j  org.gradle.api.internal.project.taskfactory.TaskFactory.createTask(Ljava/util/Map;)Lorg/gradle/api/internal/TaskInternal;+60
j  org.gradle.api.internal.project.taskfactory.AnnotationProcessingTaskFactory.createTask(Ljava/util/Map;)Lorg/gradle/api/internal/TaskInternal;+6
j  org.gradle.api.internal.project.taskfactory.DependencyAutoWireTaskFactory.createTask(Ljava/util/Map;)Lorg/gradle/api/internal/TaskInternal;+6
j  org.gradle.api.internal.tasks.DefaultTaskContainer.create(Ljava/util/Map;)Lorg/gradle/api/Task;+46
j  org.gradle.api.internal.tasks.DefaultTaskContainer.create(Ljava/lang/String;Ljava/lang/Class;)Lorg/gradle/api/Task;+27
j  org.gradle.api.internal.tasks.DefaultTaskContainer.create(Ljava/lang/String;Ljava/lang/Class;Lorg/gradle/api/Action;)Lorg/gradle/api/Task;+3
j  com.android.build.gradle.internal.TaskContainerAdaptor.create(Ljava/lang/String;Ljava/lang/Class;Lorg/gradle/api/Action;)V+7
j  com.android.build.gradle.internal.scope.AndroidTaskRegistry.create(Lcom/android/build/gradle/internal/TaskFactory;Ljava/lang/String;Ljava/lang/Class;Lorg/gradle/api/Action;)Lcom/android/build/gradle/internal/scope/AndroidTask;+5
j  com.android.build.gradle.internal.scope.AndroidTaskRegistry.create(Lcom/android/build/gradle/internal/TaskFactory;Lcom/android/build/gradle/internal/scope/TaskConfigAction;)Lcom/android/build/gradle/internal/scope/AndroidTask;+15
j  com.android.build.gradle.internal.TaskManager.createJavacTask(Lcom/android/build/gradle/internal/TaskFactory;Lcom/android/build/gradle/internal/scope/VariantScope;)Lcom/android/build/gradle/internal/scope/AndroidTask;+63
j  com.android.build.gradle.internal.ApplicationTaskManager.lambda$createTasksForVariantData$12(Lcom/android/build/gradle/internal/variant/BaseVariantData;Lcom/android/build/gradle/internal/TaskFactory;Lcom/android/build/gradle/internal/scope/VariantScope;)V+18
j  com.android.build.gradle.internal.ApplicationTaskManager$$Lambda$182.call()V+16
j  com.android.builder.profile.ThreadRecorder.record(Lcom/google/wireless/android/sdk/stats/GradleBuildProfileSpan$ExecutionType;Ljava/lang/String;Ljava/lang/String;Lcom/android/builder/profile/Recorder$VoidBlock;)V+17
j  com.android.build.gradle.internal.ApplicationTaskManager.createTasksForVariantData(Lcom/android/build/gradle/internal/TaskFactory;Lcom/android/build/gradle/internal/variant/BaseVariantData;)V+569
j  com.android.build.gradle.internal.VariantManager.createTasksForVariantData(Lcom/android/build/gradle/internal/TaskFactory;Lcom/android/build/gradle/internal/variant/BaseVariantData;)V+563
j  com.android.build.gradle.internal.VariantManager.lambda$createAndroidTasks$1(Lcom/android/build/gradle/internal/TaskFactory;Lcom/android/build/gradle/internal/variant/BaseVariantData;)V+3
j  com.android.build.gradle.internal.VariantManager$$Lambda$113.call()V+12
j  com.android.builder.profile.ThreadRecorder.record(Lcom/google/wireless/android/sdk/stats/GradleBuildProfileSpan$ExecutionType;Ljava/lang/String;Ljava/lang/String;Lcom/android/builder/profile/Recorder$VoidBlock;)V+17
j  com.android.build.gradle.internal.VariantManager.createAndroidTasks()V+166
j  com.android.build.gradle.BasePlugin.lambda$createAndroidTasks$6()V+4
j  com.android.build.gradle.BasePlugin$$Lambda$69.call()V+4
j  com.android.builder.profile.ThreadRecorder.record(Lcom/google/wireless/android/sdk/stats/GradleBuildProfileSpan$ExecutionType;Ljava/lang/String;Ljava/lang/String;Lcom/android/builder/profile/Recorder$VoidBlock;)V+17
j  com.android.build.gradle.BasePlugin.createAndroidTasks(Z)V+226
j  com.android.build.gradle.BasePlugin.lambda$null$4()V+2
j  com.android.build.gradle.BasePlugin$$Lambda$42.call()V+4
j  com.android.builder.profile.ThreadRecorder.record(Lcom/google/wireless/android/sdk/stats/GradleBuildProfileSpan$ExecutionType;Ljava/lang/String;Ljava/lang/String;Lcom/android/builder/profile/Recorder$VoidBlock;)V+17
j  com.android.build.gradle.BasePlugin.lambda$createTasks$5(Lorg/gradle/api/Project;)V+20
j  com.android.build.gradle.BasePlugin$$Lambda$41.execute(Ljava/lang/Object;)V+8
j  org.gradle.internal.event.BroadcastDispatch$ActionInvocationHandler.dispatch(Lorg/gradle/internal/dispatch/MethodInvocation;)V+27
j  org.gradle.internal.event.BroadcastDispatch$ActionInvocationHandler.dispatch(Ljava/lang/Object;)V+5
J 828 C1 org.gradle.internal.event.AbstractBroadcastDispatch.dispatch(Lorg/gradle/internal/dispatch/MethodInvocation;Ljava/util/Iterator;)V (127 bytes) @ 0x0000000002c69594 [0x0000000002c69060+0x534]
J 825 C1 org.gradle.internal.event.BroadcastDispatch.dispatch(Ljava/lang/Object;)V (9 bytes) @ 0x0000000002c68894 [0x0000000002c68420+0x474]
J 815 C1 org.gradle.internal.dispatch.ProxyDispatchAdapter$DispatchingInvocationHandler.invoke(Ljava/lang/Object;Ljava/lang/reflect/Method;[Ljava/lang/Object;)Ljava/lang/Object; (185 bytes) @ 0x0000000002c61e1c [0x0000000002c60cc0+0x115c]
j  com.sun.proxy.$Proxy16.afterEvaluate(Lorg/gradle/api/Project;Lorg/gradle/api/ProjectState;)V+20
j  org.gradle.configuration.project.LifecycleProjectEvaluator.notifyAfterEvaluate(Lorg/gradle/api/ProjectEvaluationListener;Lorg/gradle/api/internal/project/ProjectInternal;Lorg/gradle/api/internal/project/ProjectStateInternal;)V+3
j  org.gradle.configuration.project.LifecycleProjectEvaluator.doConfigure(Lorg/gradle/api/internal/project/ProjectInternal;Lorg/gradle/api/internal/project/ProjectStateInternal;)V+57
j  org.gradle.configuration.project.LifecycleProjectEvaluator.access$000(Lorg/gradle/configuration/project/LifecycleProjectEvaluator;Lorg/gradle/api/internal/project/ProjectInternal;Lorg/gradle/api/internal/project/ProjectStateInternal;)V+3
j  org.gradle.configuration.project.LifecycleProjectEvaluator$1.execute(Lorg/gradle/internal/operations/BuildOperationContext;)V+12
j  org.gradle.configuration.project.LifecycleProjectEvaluator$1.execute(Ljava/lang/Object;)V+5
j  org.gradle.internal.Transformers$4.transform(Ljava/lang/Object;)Ljava/lang/Object;+5
j  org.gradle.internal.progress.DefaultBuildOperationExecutor.run(Lorg/gradle/internal/progress/BuildOperationDetails;Lorg/gradle/api/Transformer;)Ljava/lang/Object;+276
j  org.gradle.internal.progress.DefaultBuildOperationExecutor.run(Lorg/gradle/internal/progress/BuildOperationDetails;Lorg/gradle/api/Action;)V+6
j  org.gradle.configuration.project.LifecycleProjectEvaluator.evaluate(Lorg/gradle/api/internal/project/ProjectInternal;Lorg/gradle/api/internal/project/ProjectStateInternal;)V+89
j  org.gradle.api.internal.project.DefaultProject.evaluate()Lorg/gradle/api/internal/project/DefaultProject;+9
j  org.gradle.api.internal.project.DefaultProject.evaluate()Lorg/gradle/api/Project;+1
j  org.gradle.execution.TaskPathProjectEvaluator.configure(Lorg/gradle/api/internal/project/ProjectInternal;)V+21
j  org.gradle.execution.TaskPathProjectEvaluator.configureHierarchy(Lorg/gradle/api/internal/project/ProjectInternal;)V+41
j  org.gradle.configuration.DefaultBuildConfigurer.configure(Lorg/gradle/api/internal/GradleInternal;)V+45
j  org.gradle.initialization.DefaultGradleLauncher$1.execute(Lorg/gradle/internal/operations/BuildOperationContext;)V+14
j  org.gradle.initialization.DefaultGradleLauncher$1.execute(Ljava/lang/Object;)V+5
j  org.gradle.internal.Transformers$4.transform(Ljava/lang/Object;)Ljava/lang/Object;+5
j  org.gradle.internal.progress.DefaultBuildOperationExecutor.run(Lorg/gradle/internal/progress/BuildOperationDetails;Lorg/gradle/api/Transformer;)Ljava/lang/Object;+276
j  org.gradle.internal.progress.DefaultBuildOperationExecutor.run(Ljava/lang/String;Lorg/gradle/api/Action;)V+12
j  org.gradle.initialization.DefaultGradleLauncher.doBuildStages(Lorg/gradle/initialization/DefaultGradleLauncher$Stage;)V+94
j  org.gradle.initialization.DefaultGradleLauncher.doBuild(Lorg/gradle/initialization/DefaultGradleLauncher$Stage;)Lorg/gradle/BuildResult;+17
j  org.gradle.initialization.DefaultGradleLauncher.getBuildAnalysis()Lorg/gradle/BuildResult;+4
j  org.gradle.launcher.exec.GradleBuildController.configure()Lorg/gradle/api/internal/GradleInternal;+4
j  org.gradle.tooling.internal.provider.runner.ClientProvidedBuildActionRunner.run(Lorg/gradle/internal/invocation/BuildAction;Lorg/gradle/internal/invocation/BuildController;)V+62
j  org.gradle.launcher.exec.ChainingBuildActionRunner.run(Lorg/gradle/internal/invocation/BuildAction;Lorg/gradle/internal/invocation/BuildController;)V+34
j  org.gradle.tooling.internal.provider.runner.RunAsBuildOperationBuildActionRunner$1.execute(Lorg/gradle/internal/operations/BuildOperationContext;)V+15
j  org.gradle.tooling.internal.provider.runner.RunAsBuildOperationBuildActionRunner$1.execute(Ljava/lang/Object;)V+5
j  org.gradle.internal.Transformers$4.transform(Ljava/lang/Object;)Ljava/lang/Object;+5
j  org.gradle.internal.progress.DefaultBuildOperationExecutor.run(Lorg/gradle/internal/progress/BuildOperationDetails;Lorg/gradle/api/Transformer;)Ljava/lang/Object;+276
j  org.gradle.internal.progress.DefaultBuildOperationExecutor.run(Ljava/lang/String;Lorg/gradle/api/Action;)V+12
j  org.gradle.tooling.internal.provider.runner.RunAsBuildOperationBuildActionRunner.run(Lorg/gradle/internal/invocation/BuildAction;Lorg/gradle/internal/invocation/BuildController;)V+16
j  org.gradle.tooling.internal.provider.runner.SubscribableBuildActionRunner.run(Lorg/gradle/internal/invocation/BuildAction;Lorg/gradle/internal/invocation/BuildController;)V+38
j  org.gradle.launcher.exec.ChainingBuildActionRunner.run(Lorg/gradle/internal/invocation/BuildAction;Lorg/gradle/internal/invocation/BuildController;)V+34
j  org.gradle.launcher.exec.InProcessBuildActionExecuter.execute(Lorg/gradle/internal/invocation/BuildAction;Lorg/gradle/initialization/BuildRequestContext;Lorg/gradle/launcher/exec/BuildActionParameters;Lorg/gradle/internal/service/ServiceRegistry;)Ljava/lang/Object;+64
j  org.gradle.launcher.exec.InProcessBuildActionExecuter.execute(Lorg/gradle/internal/invocation/BuildAction;Lorg/gradle/initialization/BuildRequestContext;Ljava/lang/Object;Lorg/gradle/internal/service/ServiceRegistry;)Ljava/lang/Object;+9
j  org.gradle.tooling.internal.provider.ContinuousBuildActionExecuter.execute(Lorg/gradle/internal/invocation/BuildAction;Lorg/gradle/initialization/BuildRequestContext;Lorg/gradle/launcher/exec/BuildActionParameters;Lorg/gradle/internal/service/ServiceRegistry;)Ljava/lang/Object;+28
j  org.gradle.tooling.internal.provider.ContinuousBuildActionExecuter.execute(Lorg/gradle/internal/invocation/BuildAction;Lorg/gradle/initialization/BuildRequestContext;Ljava/lang/Object;Lorg/gradle/internal/service/ServiceRegistry;)Ljava/lang/Object;+9
j  org.gradle.tooling.internal.provider.ServicesSetupBuildActionExecuter.execute(Lorg/gradle/internal/invocation/BuildAction;Lorg/gradle/initialization/BuildRequestContext;Lorg/gradle/launcher/exec/BuildActionParameters;Lorg/gradle/internal/service/ServiceRegistry;)Ljava/lang/Object;+52
j  org.gradle.tooling.internal.provider.ServicesSetupBuildActionExecuter.execute(Lorg/gradle/internal/invocation/BuildAction;Lorg/gradle/initialization/BuildRequestContext;Ljava/lang/Object;Lorg/gradle/internal/service/ServiceRegistry;)Ljava/lang/Object;+9
j  org.gradle.launcher.daemon.server.exec.ExecuteBuild.doBuild(Lorg/gradle/launcher/daemon/server/api/DaemonCommandExecution;Lorg/gradle/launcher/daemon/protocol/Build;)V+114
j  org.gradle.launcher.daemon.server.exec.BuildCommandOnly.execute(Lorg/gradle/launcher/daemon/server/api/DaemonCommandExecution;)V+49
j  org.gradle.launcher.daemon.server.api.DaemonCommandExecution.proceed()Z+28
j  org.gradle.launcher.daemon.server.exec.WatchForDisconnection.execute(Lorg/gradle/launcher/daemon/server/api/DaemonCommandExecution;)V+19
j  org.gradle.launcher.daemon.server.api.DaemonCommandExecution.proceed()Z+28
j  org.gradle.launcher.daemon.server.exec.ResetDeprecationLogger.execute(Lorg/gradle/launcher/daemon/server/api/DaemonCommandExecution;)V+4
j  org.gradle.launcher.daemon.server.api.DaemonCommandExecution.proceed()Z+28
j  org.gradle.launcher.daemon.server.exec.RequestStopIfSingleUsedDaemon.execute(Lorg/gradle/launcher/daemon/server/api/DaemonCommandExecution;)V+33
j  org.gradle.launcher.daemon.server.api.DaemonCommandExecution.proceed()Z+28
j  org.gradle.launcher.daemon.server.exec.ForwardClientInput$2.call()Ljava/lang/Void;+4
j  org.gradle.launcher.daemon.server.exec.ForwardClientInput$2.call()Ljava/lang/Object;+1
j  org.gradle.util.Swapper.swap(Ljava/lang/Object;Ljava/util/concurrent/Callable;)Ljava/lang/Object;+21
j  org.gradle.launcher.daemon.server.exec.ForwardClientInput.execute(Lorg/gradle/launcher/daemon/server/api/DaemonCommandExecution;)V+63
j  org.gradle.launcher.daemon.server.api.DaemonCommandExecution.proceed()Z+28
j  org.gradle.launcher.daemon.server.exec.LogAndCheckHealth.execute(Lorg/gradle/launcher/daemon/server/api/DaemonCommandExecution;)V+28
j  org.gradle.launcher.daemon.server.api.DaemonCommandExecution.proceed()Z+28
j  org.gradle.launcher.daemon.server.exec.LogToClient.doBuild(Lorg/gradle/launcher/daemon/server/api/DaemonCommandExecution;Lorg/gradle/launcher/daemon/protocol/Build;)V+87
j  org.gradle.launcher.daemon.server.exec.BuildCommandOnly.execute(Lorg/gradle/launcher/daemon/server/api/DaemonCommandExecution;)V+49
j  org.gradle.launcher.daemon.server.api.DaemonCommandExecution.proceed()Z+28
j  org.gradle.launcher.daemon.server.exec.EstablishBuildEnvironment.doBuild(Lorg/gradle/launcher/daemon/server/api/DaemonCommandExecution;Lorg/gradle/launcher/daemon/protocol/Build;)V+279
j  org.gradle.launcher.daemon.server.exec.BuildCommandOnly.execute(Lorg/gradle/launcher/daemon/server/api/DaemonCommandExecution;)V+49
j  org.gradle.launcher.daemon.server.api.DaemonCommandExecution.proceed()Z+28
j  org.gradle.launcher.daemon.server.exec.StartBuildOrRespondWithBusy$1.run()V+44
j  org.gradle.launcher.daemon.server.DaemonStateCoordinator$1.run()V+4
j  org.gradle.internal.concurrent.ExecutorPolicy$CatchAndRecordFailures.onExecute(Ljava/lang/Runnable;)V+1
j  org.gradle.internal.concurrent.StoppableExecutorImpl$1.run()V+25
j  java.util.concurrent.ThreadPoolExecutor.runWorker(Ljava/util/concurrent/ThreadPoolExecutor$Worker;)V+95
j  java.util.concurrent.ThreadPoolExecutor$Worker.run()V+5
j  java.lang.Thread.run()V+11
v  ~StubRoutines::call_stub

---------------  P R O C E S S  ---------------

Java Threads: ( => current thread )
  0x000000005ad55000 JavaThread "File lock request listener" [_thread_in_native, id=1976, stack(0x000000005dd30000,0x000000005de30000)]
  0x000000005a6af800 JavaThread "Stdin handler" [_thread_blocked, id=3192, stack(0x000000005da30000,0x000000005db30000)]
  0x000000005a6af000 JavaThread "Asynchronous log dispatcher for DefaultDaemonConnection: socket connection from /127.0.0.1:49215 to /127.0.0.1:49216" [_thread_blocked, id=4916, stack(0x000000005d2c0000,0x000000005d3c0000)]
=>0x000000005a69e800 JavaThread "Daemon worker" [_thread_in_vm, id=5044, stack(0x000000005d7e0000,0x000000005d8e0000)]
  0x000000005a63c000 JavaThread "Cancel handler" [_thread_blocked, id=2900, stack(0x000000005d620000,0x000000005d720000)]
  0x000000005a70b000 JavaThread "pool-1-thread-1" [_thread_blocked, id=4936, stack(0x000000005d3d0000,0x000000005d4d0000)]
  0x000000005a58b800 JavaThread "Handler for socket connection from /127.0.0.1:49215 to /127.0.0.1:49216" [_thread_in_native, id=4136, stack(0x000000005d190000,0x000000005d290000)]
  0x000000005a589800 JavaThread "Daemon" [_thread_blocked, id=4920, stack(0x000000005afb0000,0x000000005b0b0000)]
  0x000000005b3e6000 JavaThread "Incoming local TCP Connector on port 49215" [_thread_in_native, id=4932, stack(0x000000005c580000,0x000000005c680000)]
  0x00000000579ff800 JavaThread "Service Thread" daemon [_thread_blocked, id=3716, stack(0x0000000059660000,0x0000000059760000)]
  0x0000000057982800 JavaThread "C1 CompilerThread3" daemon [_thread_blocked, id=2608, stack(0x0000000059460000,0x0000000059560000)]
  0x0000000057974000 JavaThread "C2 CompilerThread2" daemon [_thread_in_native, id=4516, stack(0x0000000058f50000,0x0000000059050000)]
  0x000000005796d000 JavaThread "C2 CompilerThread1" daemon [_thread_blocked, id=4612, stack(0x0000000059340000,0x0000000059440000)]
  0x0000000057965800 JavaThread "C2 CompilerThread0" daemon [_thread_blocked, id=4628, stack(0x00000000591b0000,0x00000000592b0000)]
  0x0000000057964000 JavaThread "Attach Listener" daemon [_thread_blocked, id=2652, stack(0x0000000059050000,0x0000000059150000)]
  0x0000000057963000 JavaThread "Signal Dispatcher" daemon [_thread_blocked, id=4892, stack(0x0000000058df0000,0x0000000058ef0000)]
  0x00000000568b0800 JavaThread "Finalizer" daemon [_thread_blocked, id=1076, stack(0x0000000058ad0000,0x0000000058bd0000)]
  0x00000000568a9800 JavaThread "Reference Handler" daemon [_thread_blocked, id=2644, stack(0x0000000058c00000,0x0000000058d00000)]
  0x000000000228e800 JavaThread "main" [_thread_blocked, id=4464, stack(0x0000000002540000,0x0000000002640000)]

Other Threads:
  0x00000000568a1000 VMThread [stack: 0x00000000589d0000,0x0000000058ad0000] [id=3044]
  0x00000000579d5000 WatcherThread [stack: 0x0000000059560000,0x0000000059660000] [id=848]

VM state:not at safepoint (normal execution)

VM Mutex/Monitor currently owned by a thread: None

Heap:
 PSYoungGen      total 145408K, used 93525K [0x00000000e0000000, 0x00000000ee880000, 0x0000000100000000)
  eden space 131584K, 60% used [0x00000000e0000000,0x00000000e4e17e78,0x00000000e8080000)
  from space 13824K, 98% used [0x00000000e8080000,0x00000000e8dbd7a0,0x00000000e8e00000)
  to   space 15872K, 0% used [0x00000000ed900000,0x00000000ed900000,0x00000000ee880000)
 ParOldGen       total 100864K, used 18879K [0x00000000a0000000, 0x00000000a6280000, 0x00000000e0000000)
  object space 100864K, 18% used [0x00000000a0000000,0x00000000a126fd88,0x00000000a6280000)
 Metaspace       used 48486K, capacity 49864K, committed 50176K, reserved 1093632K
  class space    used 6501K, capacity 6818K, committed 6912K, reserved 1048576K

Card table byte_map: [0x0000000011cd0000,0x0000000011fe0000] byte_map_base: 0x00000000117d0000

Marking Bits: (ParMarkBitMap*) 0x000000005cec18f0
 Begin Bits: [0x0000000012bc0000, 0x00000000143c0000)
 End Bits:   [0x00000000143c0000, 0x0000000015bc0000)

Polling page: 0x00000000001c0000

CodeCache: size=245760Kb used=17610Kb max_used=17610Kb free=228149Kb
 bounds [0x0000000002910000, 0x0000000003a60000, 0x0000000011910000]
 total_blobs=5717 nmethods=4973 adapters=656
 compilation: enabled

Compilation events (10 events):
Event: 13.074 Thread 0x0000000057982800 5543       3       sun.misc.ProxyGenerator$FieldInfo::<init> (44 bytes)
Event: 13.075 Thread 0x0000000057982800 nmethod 5543 0x0000000003a2c510 code [0x0000000003a2c6e0, 0x0000000003a2cc38]
Event: 13.075 Thread 0x0000000057982800 5544       3       sun.misc.ProxyGenerator$ProxyMethod::access$100 (5 bytes)
Event: 13.075 Thread 0x0000000057982800 nmethod 5544 0x0000000003a2c190 code [0x0000000003a2c300, 0x0000000003a2c468]
Event: 13.075 Thread 0x0000000057982800 5546       3       sun.misc.ProxyGenerator::access$500 (6 bytes)
Event: 13.075 Thread 0x0000000057982800 nmethod 5546 0x0000000003a2be10 code [0x0000000003a2bf80, 0x0000000003a2c0e8]
Event: 13.075 Thread 0x0000000057982800 5547       3       sun.misc.ProxyGenerator::getMethodDescriptor (37 bytes)
Event: 13.075 Thread 0x0000000057982800 nmethod 5547 0x0000000003a2b190 code [0x0000000003a2b360, 0x0000000003a2bb08]
Event: 13.075 Thread 0x0000000057982800 5548       3       sun.misc.ProxyGenerator$ConstantPool::getInterfaceMethodRef (33 bytes)
Event: 13.076 Thread 0x0000000057982800 nmethod 5548 0x0000000003a27d50 code [0x0000000003a27fe0, 0x0000000003a28d68]

GC Heap History (10 events):
Event: 3.944 GC heap before
{Heap before GC invocations=5 (full 1):
 PSYoungGen      total 71680K, used 66560K [0x00000000e0000000, 0x00000000e8c00000, 0x0000000100000000)
  eden space 66560K, 100% used [0x00000000e0000000,0x00000000e4100000,0x00000000e4100000)
  from space 5120K, 0% used [0x00000000e4100000,0x00000000e4100000,0x00000000e4600000)
  to   space 5120K, 0% used [0x00000000e8700000,0x00000000e8700000,0x00000000e8c00000)
 ParOldGen       total 71680K, used 12400K [0x00000000a0000000, 0x00000000a4600000, 0x00000000e0000000)
  object space 71680K, 17% used [0x00000000a0000000,0x00000000a0c1c1a0,0x00000000a4600000)
 Metaspace       used 26391K, capacity 26840K, committed 27136K, reserved 1073152K
  class space    used 3648K, capacity 3778K, committed 3840K, reserved 1048576K
Event: 3.960 GC heap after
Heap after GC invocations=5 (full 1):
 PSYoungGen      total 100864K, used 5109K [0x00000000e0000000, 0x00000000e8c00000, 0x0000000100000000)
  eden space 95744K, 0% used [0x00000000e0000000,0x00000000e0000000,0x00000000e5d80000)
  from space 5120K, 99% used [0x00000000e8700000,0x00000000e8bfd568,0x00000000e8c00000)
  to   space 5120K, 0% used [0x00000000e8200000,0x00000000e8200000,0x00000000e8700000)
 ParOldGen       total 71680K, used 15433K [0x00000000a0000000, 0x00000000a4600000, 0x00000000e0000000)
  object space 71680K, 21% used [0x00000000a0000000,0x00000000a0f12468,0x00000000a4600000)
 Metaspace       used 26391K, capacity 26840K, committed 27136K, reserved 1073152K
  class space    used 3648K, capacity 3778K, committed 3840K, reserved 1048576K
}
Event: 10.514 GC heap before
{Heap before GC invocations=6 (full 1):
 PSYoungGen      total 100864K, used 100853K [0x00000000e0000000, 0x00000000e8c00000, 0x0000000100000000)
  eden space 95744K, 100% used [0x00000000e0000000,0x00000000e5d80000,0x00000000e5d80000)
  from space 5120K, 99% used [0x00000000e8700000,0x00000000e8bfd568,0x00000000e8c00000)
  to   space 5120K, 0% used [0x00000000e8200000,0x00000000e8200000,0x00000000e8700000)
 ParOldGen       total 71680K, used 15433K [0x00000000a0000000, 0x00000000a4600000, 0x00000000e0000000)
  object space 71680K, 21% used [0x00000000a0000000,0x00000000a0f12468,0x00000000a4600000)
 Metaspace       used 32932K, capacity 33570K, committed 33792K, reserved 1079296K
  class space    used 4430K, capacity 4585K, committed 4608K, reserved 1048576K
Event: 10.521 GC heap after
Heap after GC invocations=6 (full 1):
 PSYoungGen      total 136192K, used 5104K [0x00000000e0000000, 0x00000000e9c00000, 0x0000000100000000)
  eden space 131072K, 0% used [0x00000000e0000000,0x00000000e0000000,0x00000000e8000000)
  from space 5120K, 99% used [0x00000000e8200000,0x00000000e86fc020,0x00000000e8700000)
  to   space 14336K, 0% used [0x00000000e8e00000,0x00000000e8e00000,0x00000000e9c00000)
 ParOldGen       total 71680K, used 21584K [0x00000000a0000000, 0x00000000a4600000, 0x00000000e0000000)
  object space 71680K, 30% used [0x00000000a0000000,0x00000000a1514250,0x00000000a4600000)
 Metaspace       used 32932K, capacity 33570K, committed 33792K, reserved 1079296K
  class space    used 4430K, capacity 4585K, committed 4608K, reserved 1048576K
}
Event: 10.637 GC heap before
{Heap before GC invocations=7 (full 1):
 PSYoungGen      total 136192K, used 16167K [0x00000000e0000000, 0x00000000e9c00000, 0x0000000100000000)
  eden space 131072K, 8% used [0x00000000e0000000,0x00000000e0acdde8,0x00000000e8000000)
  from space 5120K, 99% used [0x00000000e8200000,0x00000000e86fc020,0x00000000e8700000)
  to   space 14336K, 0% used [0x00000000e8e00000,0x00000000e8e00000,0x00000000e9c00000)
 ParOldGen       total 71680K, used 21584K [0x00000000a0000000, 0x00000000a4600000, 0x00000000e0000000)
  object space 71680K, 30% used [0x00000000a0000000,0x00000000a1514250,0x00000000a4600000)
 Metaspace       used 34685K, capacity 35392K, committed 35496K, reserved 1079296K
  class space    used 4635K, capacity 4814K, committed 4864K, reserved 1048576K
Event: 10.642 GC heap after
Heap after GC invocations=7 (full 1):
 PSYoungGen      total 145920K, used 6739K [0x00000000e0000000, 0x00000000ed800000, 0x0000000100000000)
  eden space 131584K, 0% used [0x00000000e0000000,0x00000000e0000000,0x00000000e8080000)
  from space 14336K, 47% used [0x00000000e8e00000,0x00000000e9494e20,0x00000000e9c00000)
  to   space 13824K, 0% used [0x00000000e8080000,0x00000000e8080000,0x00000000e8e00000)
 ParOldGen       total 71680K, used 21592K [0x00000000a0000000, 0x00000000a4600000, 0x00000000e0000000)
  object space 71680K, 30% used [0x00000000a0000000,0x00000000a1516250,0x00000000a4600000)
 Metaspace       used 34685K, capacity 35392K, committed 35496K, reserved 1079296K
  class space    used 4635K, capacity 4814K, committed 4864K, reserved 1048576K
}
Event: 10.642 GC heap before
{Heap before GC invocations=8 (full 2):
 PSYoungGen      total 145920K, used 6739K [0x00000000e0000000, 0x00000000ed800000, 0x0000000100000000)
  eden space 131584K, 0% used [0x00000000e0000000,0x00000000e0000000,0x00000000e8080000)
  from space 14336K, 47% used [0x00000000e8e00000,0x00000000e9494e20,0x00000000e9c00000)
  to   space 13824K, 0% used [0x00000000e8080000,0x00000000e8080000,0x00000000e8e00000)
 ParOldGen       total 71680K, used 21592K [0x00000000a0000000, 0x00000000a4600000, 0x00000000e0000000)
  object space 71680K, 30% used [0x00000000a0000000,0x00000000a1516250,0x00000000a4600000)
 Metaspace       used 34685K, capacity 35392K, committed 35496K, reserved 1079296K
  class space    used 4635K, capacity 4814K, committed 4864K, reserved 1048576K
Event: 10.704 GC heap after
Heap after GC invocations=8 (full 2):
 PSYoungGen      total 145920K, used 0K [0x00000000e0000000, 0x00000000ed800000, 0x0000000100000000)
  eden space 131584K, 0% used [0x00000000e0000000,0x00000000e0000000,0x00000000e8080000)
  from space 14336K, 0% used [0x00000000e8e00000,0x00000000e8e00000,0x00000000e9c00000)
  to   space 13824K, 0% used [0x00000000e8080000,0x00000000e8080000,0x00000000e8e00000)
 ParOldGen       total 100864K, used 18871K [0x00000000a0000000, 0x00000000a6280000, 0x00000000e0000000)
  object space 100864K, 18% used [0x00000000a0000000,0x00000000a126dd88,0x00000000a6280000)
 Metaspace       used 34643K, capacity 35286K, committed 35496K, reserved 1079296K
  class space    used 4622K, capacity 4800K, committed 4864K, reserved 1048576K
}
Event: 12.211 GC heap before
{Heap before GC invocations=9 (full 2):
 PSYoungGen      total 145920K, used 131584K [0x00000000e0000000, 0x00000000ed800000, 0x0000000100000000)
  eden space 131584K, 100% used [0x00000000e0000000,0x00000000e8080000,0x00000000e8080000)
  from space 14336K, 0% used [0x00000000e8e00000,0x00000000e8e00000,0x00000000e9c00000)
  to   space 13824K, 0% used [0x00000000e8080000,0x00000000e8080000,0x00000000e8e00000)
 ParOldGen       total 100864K, used 18871K [0x00000000a0000000, 0x00000000a6280000, 0x00000000e0000000)
  object space 100864K, 18% used [0x00000000a0000000,0x00000000a126dd88,0x00000000a6280000)
 Metaspace       used 45270K, capacity 46158K, committed 46464K, reserved 1089536K
  class space    used 6037K, capacity 6259K, committed 6272K, reserved 1048576K
Event: 12.238 GC heap after
Heap after GC invocations=9 (full 2):
 PSYoungGen      total 145408K, used 13557K [0x00000000e0000000, 0x00000000ee880000, 0x0000000100000000)
  eden space 131584K, 0% used [0x00000000e0000000,0x00000000e0000000,0x00000000e8080000)
  from space 13824K, 98% used [0x00000000e8080000,0x00000000e8dbd7a0,0x00000000e8e00000)
  to   space 15872K, 0% used [0x00000000ed900000,0x00000000ed900000,0x00000000ee880000)
 ParOldGen       total 100864K, used 18879K [0x00000000a0000000, 0x00000000a6280000, 0x00000000e0000000)
  object space 100864K, 18% used [0x00000000a0000000,0x00000000a126fd88,0x00000000a6280000)
 Metaspace       used 45270K, capacity 46158K, committed 46464K, reserved 1089536K
  class space    used 6037K, capacity 6259K, committed 6272K, reserved 1048576K
}

Deoptimization events (10 events):
Event: 12.103 Thread 0x000000005a69e800 Uncommon trap: reason=unstable_if action=reinterpret pc=0x000000000368af5c method=java.util.regex.Matcher.find()Z @ 10
Event: 12.111 Thread 0x000000005a69e800 Uncommon trap: reason=unstable_if action=reinterpret pc=0x00000000033f1908 method=java.lang.CharacterDataLatin1.digit(II)I @ 31
Event: 12.126 Thread 0x000000005a69e800 Uncommon trap: reason=unstable_if action=reinterpret pc=0x000000000332c5d8 method=java.lang.CharacterDataLatin1.digit(II)I @ 31
Event: 12.371 Thread 0x000000005a69e800 Uncommon trap: reason=null_check action=make_not_entrant pc=0x00000000032c4ee4 method=com.sun.xml.internal.bind.v2.runtime.Coordinator.pushCoordinator()V @ 7
Event: 12.488 Thread 0x000000005a69e800 Uncommon trap: reason=unstable_if action=reinterpret pc=0x0000000003694400 method=java.util.regex.Pattern.compile()V @ 320
Event: 12.679 Thread 0x000000005a69e800 Uncommon trap: reason=class_check action=maybe_recompile pc=0x000000000374c2e8 method=com.google.common.collect.AbstractMapBasedMultimap$WrappedCollection.refreshIfEmpty()V @ 59
Event: 12.679 Thread 0x000000005a69e800 Uncommon trap: reason=class_check action=maybe_recompile pc=0x000000000374c2e8 method=com.google.common.collect.AbstractMapBasedMultimap$WrappedCollection.refreshIfEmpty()V @ 59
Event: 12.679 Thread 0x000000005a69e800 Uncommon trap: reason=class_check action=maybe_recompile pc=0x000000000374c2e8 method=com.google.common.collect.AbstractMapBasedMultimap$WrappedCollection.refreshIfEmpty()V @ 59
Event: 12.679 Thread 0x000000005a69e800 Uncommon trap: reason=class_check action=maybe_recompile pc=0x000000000374c2e8 method=com.google.common.collect.AbstractMapBasedMultimap$WrappedCollection.refreshIfEmpty()V @ 59
Event: 13.003 Thread 0x000000005a69e800 Uncommon trap: reason=unstable_if action=reinterpret pc=0x0000000003624cfc method=java.util.regex.Pattern.newSlice([IIZ)Ljava/util/regex/Pattern$Node; @ 10

Internal exceptions (10 events):
Event: 12.951 Thread 0x000000005a69e800 Exception <a 'java/lang/ClassNotFoundException': com/android/build/gradle/tasks/ProcessAndroidResourcesCustomizer> (0x00000000e439c228) thrown at [C:\src\android\AOSP-openjdk\external\jetbrains\jdk\hotspot\src\share\vm\classfile\systemDictionary.cpp, line |À∞π∑Á)@
Event: 12.953 Thread 0x000000005a69e800 Exception <a 'java/lang/ClassNotFoundException': com/android/build/gradle/tasks/ProcessAndroidResources_DecoratedCustomizer> (0x00000000e4410198) thrown at [C:\src\android\AOSP-openjdk\external\jetbrains\jdk\hotspot\src\share\vm\classfile\systemDictionary.õcﬁJ¿*@
Event: 13.025 Thread 0x000000005a69e800 Exception <a 'java/lang/ClassNotFoundException': com/android/build/gradle/tasks/AidlCompile_DecoratedBeanInfo> (0x00000000e48e9d18) thrown at [C:\src\android\AOSP-openjdk\external\jetbrains\jdk\hotspot\src\share\vm\classfile\systemDictionary.cpp, line 210]wç"æÊ*@
Event: 13.025 Thread 0x000000005a69e800 Exception <a 'java/lang/ClassNotFoundException': com/android/build/gradle/tasks/AidlCompileBeanInfo> (0x00000000e48fa630) thrown at [C:\src\android\AOSP-openjdk\external\jetbrains\jdk\hotspot\src\share\vm\classfile\systemDictionary.cpp, line 210]
Event: 13.025 Thread 0x000000005a69e800 Exception <a 'java/lang/ClassNotFoundException': com/android/build/gradle/tasks/AidlCompileCustomizer> (0x00000000e490ba98) thrown at [C:\src\android\AOSP-openjdk\external\jetbrains\jdk\hotspot\src\share\vm\classfile\systemDictionary.cpp, line 210]
Event: 13.026 Thread 0x000000005a69e800 Exception <a 'java/lang/ClassNotFoundException': com/android/build/gradle/tasks/AidlCompile_DecoratedCustomizer> (0x00000000e4945be0) thrown at [C:\src\android\AOSP-openjdk\external\jetbrains\jdk\hotspot\src\share\vm\classfile\systemDictionary.cpp, line 21¿{¨=*@
Event: 13.041 Thread 0x000000005a69e800 Exception <a 'java/lang/ClassNotFoundException': com/android/build/gradle/tasks/NdkCompile_DecoratedBeanInfo> (0x00000000e4b05870) thrown at [C:\src\android\AOSP-openjdk\external\jetbrains\jdk\hotspot\src\share\vm\classfile\systemDictionary.cpp, line 210]
Event: 13.042 Thread 0x000000005a69e800 Exception <a 'java/lang/ClassNotFoundException': com/android/build/gradle/tasks/NdkCompileBeanInfo> (0x00000000e4b16168) thrown at [C:\src\android\AOSP-openjdk\external\jetbrains\jdk\hotspot\src\share\vm\classfile\systemDictionary.cpp, line 210]
Event: 13.042 Thread 0x000000005a69e800 Exception <a 'java/lang/ClassNotFoundException': com/android/build/gradle/tasks/NdkCompileCustomizer> (0x00000000e4b275c0) thrown at [C:\src\android\AOSP-openjdk\external\jetbrains\jdk\hotspot\src\share\vm\classfile\systemDictionary.cpp, line 210]
Event: 13.043 Thread 0x000000005a69e800 Exception <a 'java/lang/ClassNotFoundException': com/android/build/gradle/tasks/NdkCompile_DecoratedCustomizer> (0x00000000e4b68528) thrown at [C:\src\android\AOSP-openjdk\external\jetbrains\jdk\hotspot\src\share\vm\classfile\systemDictionary.cpp, line 210ÈE∂Ú®Ê)@

Events (10 events):
Event: 13.070 loading class org/gradle/api/internal/changedetection/state/CachingFileHasher
Event: 13.070 loading class org/gradle/api/internal/changedetection/state/CachingFileHasher done
Event: 13.070 loading class org/gradle/api/internal/tasks/compile/incremental/cache/GeneralCompileCaches
Event: 13.070 loading class org/gradle/api/internal/tasks/compile/incremental/cache/GeneralCompileCaches done
Event: 13.070 loading class org/gradle/api/internal/file/FileOperations
Event: 13.070 loading class org/gradle/api/internal/file/FileOperations done
Event: 13.071 loading class org/gradle/api/AntBuilder
Event: 13.071 loading class org/gradle/api/AntBuilder done
Event: 13.071 loading class org/gradle/internal/service/ServiceRegistry
Event: 13.071 loading class org/gradle/internal/service/ServiceRegistry done


Dynamic libraries:
0x000000013f5d0000 - 0x000000013f601000 	C:\Program Files\Android\Android Studio\jre\bin\java.exe
0x0000000077660000 - 0x0000000077809000 	C:\Windows\SYSTEM32\ntdll.dll
0x0000000077440000 - 0x000000007755f000 	C:\Windows\system32\kernel32.dll
0x000007fefd800000 - 0x000007fefd86c000 	C:\Windows\system32\KERNELBASE.dll
0x000007feff700000 - 0x000007feff7db000 	C:\Windows\system32\ADVAPI32.dll
0x000007feff8d0000 - 0x000007feff96f000 	C:\Windows\system32\msvcrt.dll
0x000007feff1b0000 - 0x000007feff1cf000 	C:\Windows\SYSTEM32\sechost.dll
0x000007fefd9f0000 - 0x000007fefdb1d000 	C:\Windows\system32\RPCRT4.dll
0x0000000077560000 - 0x000000007765a000 	C:\Windows\system32\USER32.dll
0x000007fefd970000 - 0x000007fefd9d7000 	C:\Windows\system32\GDI32.dll
0x000007feff1a0000 - 0x000007feff1ae000 	C:\Windows\system32\LPK.dll
0x000007fefded0000 - 0x000007fefdf99000 	C:\Windows\system32\USP10.dll
0x000007fefc180000 - 0x000007fefc374000 	C:\Windows\WinSxS\amd64_microsoft.windows.common-controls_6595b64144ccf1df_6.0.7601.18837_none_fa3b1e3d17594757\COMCTL32.dll
0x000007feff680000 - 0x000007feff6f1000 	C:\Windows\system32\SHLWAPI.dll
0x000007feff800000 - 0x000007feff82e000 	C:\Windows\system32\IMM32.DLL
0x000007fefdc40000 - 0x000007fefdd49000 	C:\Windows\system32\MSCTF.dll
0x00000000645b0000 - 0x0000000064682000 	C:\Program Files\Android\Android Studio\jre\jre\bin\msvcr100.dll
0x000000005c700000 - 0x000000005cf3c000 	C:\Program Files\Android\Android Studio\jre\jre\bin\server\jvm.dll
0x000007fef4660000 - 0x000007fef4669000 	C:\Windows\system32\WSOCK32.dll
0x000007fefde80000 - 0x000007fefdecd000 	C:\Windows\system32\WS2_32.dll
0x000007fefd9e0000 - 0x000007fefd9e8000 	C:\Windows\system32\NSI.dll
0x000007fefae60000 - 0x000007fefae9b000 	C:\Windows\system32\WINMM.dll
0x000007fefc670000 - 0x000007fefc67c000 	C:\Windows\system32\VERSION.dll
0x0000000077820000 - 0x0000000077827000 	C:\Windows\system32\PSAPI.DLL
0x000007fefb690000 - 0x000007fefb69f000 	C:\Program Files\Android\Android Studio\jre\jre\bin\verify.dll
0x000007fef5170000 - 0x000007fef5199000 	C:\Program Files\Android\Android Studio\jre\jre\bin\java.dll
0x000007fefb670000 - 0x000007fefb686000 	C:\Program Files\Android\Android Studio\jre\jre\bin\zip.dll
0x000007fefdfa0000 - 0x000007fefed29000 	C:\Windows\system32\SHELL32.dll
0x000007fefef90000 - 0x000007feff193000 	C:\Windows\system32\ole32.dll
0x000007fefd560000 - 0x000007fefd56f000 	C:\Windows\system32\profapi.dll
0x000007fef5150000 - 0x000007fef516a000 	C:\Program Files\Android\Android Studio\jre\jre\bin\net.dll
0x000007fefcdd0000 - 0x000007fefce25000 	C:\Windows\system32\mswsock.dll
0x000007fefcdc0000 - 0x000007fefcdc7000 	C:\Windows\System32\wship6.dll
0x000007fef5130000 - 0x000007fef5141000 	C:\Program Files\Android\Android Studio\jre\jre\bin\nio.dll
0x000007fef3f50000 - 0x000007fef3f6e000 	C:\Users\Miroslav\.gradle\native\23\windows-amd64\native-platform.dll
0x000007fefce30000 - 0x000007fefce48000 	C:\Windows\system32\CRYPTSP.dll
0x000007fefcb30000 - 0x000007fefcb77000 	C:\Windows\system32\rsaenh.dll
0x000007fefc8b0000 - 0x000007fefc8ce000 	C:\Windows\system32\USERENV.dll
0x000007fefd490000 - 0x000007fefd49f000 	C:\Windows\system32\CRYPTBASE.dll
0x000007fefad60000 - 0x000007fefad87000 	C:\Windows\system32\IPHLPAPI.DLL
0x000007fefad40000 - 0x000007fefad4b000 	C:\Windows\system32\WINNSI.DLL
0x000007fefab50000 - 0x000007fefab68000 	C:\Windows\system32\dhcpcsvc.DLL
0x000007fefab30000 - 0x000007fefab41000 	C:\Windows\system32\dhcpcsvc6.DLL
0x000007fef68a0000 - 0x000007fef68ad000 	C:\Program Files\Android\Android Studio\jre\jre\bin\management.dll
0x000007fefd430000 - 0x000007fefd487000 	C:\Windows\system32\apphelp.dll
0x000007fef9a40000 - 0x000007fef9b65000 	C:\Windows\system32\dbghelp.dll

VM Arguments:
jvm_args: -Xmx1536m -Dfile.encoding=windows-1252 -Duser.country=US -Duser.language=en -Duser.variant 
java_command: org.gradle.launcher.daemon.bootstrap.GradleDaemon 3.3
java_class_path (initial): C:\Users\Miroslav\.gradle\wrapper\dists\gradle-3.3-all\55gk2rcmfc6p2dg9u9ohc3hw9\gradle-3.3\lib\gradle-launcher-3.3.jar
Launcher Type: SUN_STANDARD

Environment Variables:
PATH=C:\Program Files (x86)\IntelSWTools\Trace Analyzer and Collector\9.1.2.024\bin;C:\Program Files (x86)\IntelSWTools\compilers_and_libraries_2016.2.180\windows\mpi\intel64\bin;C:\Program Files (x86)\Common Files\Intel\Shared Libraries\redist\intel64_win\mpirt;C:\Program Files (x86)\Common Files\Intel\Shared Libraries\redist\ia32_win\mpirt;C:\Program Files (x86)\Common Files\Intel\Shared Libraries\redist\intel64_win\compiler;C:\Program Files (x86)\Common Files\Intel\Shared Libraries\redist\ia32_win\compiler;C:\Windows\system32;C:\Windows;C:\Windows\System32\Wbem;C:\Windows\System32\WindowsPowerShell\v1.0\;C:\Program Files (x86)\AMD\ATI.ACE\Core-Static;C:\Program Files\MATLAB\R2013a\runtime\win64;C:\Program Files\MATLAB\R2013a\bin;C:\Program Files (x86)\Skype\Phone\;C:\Windows\system32\config\systemprofile\.dnx\bin;C:\Program Files\Microsoft DNX\Dnvm\;C:\Program Files (x86)\Windows Kits\10\Windows Performance Toolkit\;C:\Program Files (x86)\IntelSWTools\Trace Analyzer and Collector\9.1.2.024\dll
USERNAME=Miroslav
OS=Windows_NT
PROCESSOR_IDENTIFIER=Intel64 Family 6 Model 58 Stepping 9, GenuineIntel



---------------  S Y S T E M  ---------------

OS: Windows 7 , 64 bit Build 7601 (6.1.7601.18933)

CPU:total 8 (4 cores per cpu, 2 threads per core) family 6 model 58 stepping 9, cmov, cx8, fxsr, mmx, sse, sse2, sse3, ssse3, sse4.1, sse4.2, popcnt, avx, aes, clmul, erms, ht, tsc, tscinvbit, tscinv

Memory: 4k page, physical 8338744k(5541352k free), swap 16675648k(13487416k free)

vm_info: OpenJDK 64-Bit Server VM (25.112-b06) for windows-amd64 JRE (1.8.0_112-release-b06), built on Dec  8 2016 00:54:26 by "builder" with MS VC++ 10.0 (VS2010)

time: Wed Mar 29 19:58:42 2017
elapsed time: 13 seconds (0d 0h 0m 13s)

