#
# A fatal error has been detected by the Java Runtime Environment:
#
#  EXCEPTION_ACCESS_VIOLATION (0xc0000005) at pc=0x000000005d111fba, pid=2316, tid=0x0000000000000bcc
#
# JRE version: OpenJDK Runtime Environment (8.0_112-b06) (build 1.8.0_112-release-b06)
# Java VM: OpenJDK 64-Bit Server VM (25.112-b06 mixed mode windows-amd64 compressed oops)
# Problematic frame:
# V  [jvm.dll+0x3c1fba]
#
# Failed to write core dump. Minidumps are not enabled by default on client versions of Windows
#
# If you would like to submit a bug report, please visit:
#   http://bugreport.java.com/bugreport/crash.jsp
#

---------------  T H R E A D  ---------------

Current thread (0x0000000002241800):  GCTaskThread [stack: 0x00000000023f0000,0x00000000024f0000] [id=3020]

siginfo: ExceptionCode=0xc0000005, reading address 0x0000000000000129

Registers:
RAX=0x0000000000000021, RBX=0x00000000000007ae, RCX=0x00000000a0431f28, RDX=0x00000000022bda20
RSP=0x00000000024ef5d0, RBP=0x0000000002273860, RSI=0x00000000022bda20, RDI=0x000000ab0000039f
R8 =0x00000000a0a89560, R9 =0x00000000a0431f28, R10=0x000000000000000c, R11=0x00000000000007af
R12=0x0000000002241cd0, R13=0x00000000022420a8, R14=0x00000000000003d8, R15=0x0000000000000000
RIP=0x000000005d111fba, EFLAGS=0x0000000000010206

Top of Stack: (sp=0x00000000024ef5d0)
0x00000000024ef5d0:   0000000057653db8 0000000002273860
0x00000000024ef5e0:   00000000022bda20 0000000002241cd0
0x00000000024ef5f0:   000000aa0000039f 000000ab0000039f
0x00000000024ef600:   0000000000000000 0000000000000000
0x00000000024ef610:   0000000000000000 000000005af02000
0x00000000024ef620:   0000000000000001 000003ae00001d01
0x00000000024ef630:   0000a8b9b1bed977 00000000022420a8
0x00000000024ef640:   0000000002241cd0 00000000000003d8
0x00000000024ef650:   0000000002241cd0 000000000223b510
0x00000000024ef660:   0000000002241cc0 0000000002273860
0x00000000024ef670:   00000000022bda20 000000005d10f003
0x00000000024ef680:   00000000a0a89560 000000aa0000039f
0x00000000024ef690:   000000ab0000039f 000000005cfb87f2
0x00000000024ef6a0:   000000005d361080 0000000000000000
0x00000000024ef6b0:   00000000022bda20 000000005d30f5a0
0x00000000024ef6c0:   0000000002243300 00000000024ef6a0 

Instructions: (pc=0x000000005d111fba)
0x000000005d111f9a:   00 74 28 8b 0d b5 66 39 00 45 8b 48 08 48 8b d6
0x000000005d111faa:   49 d3 e1 4c 03 0d 9c 66 39 00 49 8b c9 49 8b 01
0x000000005d111fba:   ff 90 08 01 00 00 e9 1b ff ff ff 4d 8b 48 08 48
0x000000005d111fca:   8b d6 49 8b 01 49 8b c9 ff 90 08 01 00 00 e9 03 


Register to memory mapping:

RAX=0x0000000000000021 is an unknown value
RBX=0x00000000000007ae is an unknown value
RCX=0x00000000a0431f28 is an oop
java.lang.ref.ReferenceQueue$Null 
 - klass: 'java/lang/ref/ReferenceQueue$Null'
RDX=0x00000000022bda20 is an unknown value
RSP=0x00000000024ef5d0 is an unknown value
RBP=0x0000000002273860 is an unknown value
RSI=0x00000000022bda20 is an unknown value
RDI=0x000000ab0000039f is an unknown value
R8 =0x00000000a0a89560 is pointing into object: 0x00000000a0a89558
java.lang.ref.WeakReference 
 - klass: 'java/lang/ref/WeakReference'
R9 =0x00000000a0431f28 is an oop
java.lang.ref.ReferenceQueue$Null 
 - klass: 'java/lang/ref/ReferenceQueue$Null'
R10=0x000000000000000c is an unknown value
R11=0x00000000000007af is an unknown value
R12=0x0000000002241cd0 is an unknown value
R13=0x00000000022420a8 is an unknown value
R14=0x00000000000003d8 is an unknown value
R15=0x0000000000000000 is an unknown value


Stack: [0x00000000023f0000,0x00000000024f0000],  sp=0x00000000024ef5d0,  free space=1021k
Native frames: (J=compiled Java code, j=interpreted, Vv=VM code, C=native code)
V  [jvm.dll+0x3c1fba]
V  [jvm.dll+0x3bf003]
V  [jvm.dll+0x3bce6e]
V  [jvm.dll+0x26c13a]
C  [msvcr100.dll+0x21d9f]
C  [msvcr100.dll+0x21e3b]
C  [kernel32.dll+0x15a4d]
C  [ntdll.dll+0x2b831]


---------------  P R O C E S S  ---------------

Java Threads: ( => current thread )
  0x000000005ba4b800 JavaThread "File lock request listener" [_thread_in_native, id=3312, stack(0x000000005dff0000,0x000000005e0f0000)]
  0x000000005ac77000 JavaThread "Stdin handler" [_thread_blocked, id=3552, stack(0x000000005db90000,0x000000005dc90000)]
  0x000000005af02000 JavaThread "Asynchronous log dispatcher for DefaultDaemonConnection: socket connection from /127.0.0.1:49236 to /127.0.0.1:49237" [_thread_blocked, id=1684, stack(0x000000005d9d0000,0x000000005dad0000)]
  0x000000005ac79800 JavaThread "Daemon worker" [_thread_blocked, id=3116, stack(0x000000005d810000,0x000000005d910000)]
  0x000000005adf2000 JavaThread "Cancel handler" [_thread_blocked, id=4388, stack(0x0000000058a60000,0x0000000058b60000)]
  0x000000005ae78800 JavaThread "Handler for socket connection from /127.0.0.1:49236 to /127.0.0.1:49237" [_thread_in_native, id=4200, stack(0x0000000058d90000,0x0000000058e90000)]
  0x000000005ae78000 JavaThread "Daemon" [_thread_blocked, id=2916, stack(0x000000005d610000,0x000000005d710000)]
  0x000000005ae71800 JavaThread "pool-1-thread-1" [_thread_blocked, id=4168, stack(0x000000005cbf0000,0x000000005ccf0000)]
  0x000000005abe8800 JavaThread "Incoming local TCP Connector on port 49236" [_thread_in_native, id=2188, stack(0x000000005c880000,0x000000005c980000)]
  0x000000005698f800 JavaThread "Service Thread" daemon [_thread_blocked, id=2928, stack(0x00000000599b0000,0x0000000059ab0000)]
  0x000000005698d800 JavaThread "C1 CompilerThread3" daemon [_thread_blocked, id=3384, stack(0x0000000059870000,0x0000000059970000)]
  0x000000005698d000 JavaThread "C2 CompilerThread2" daemon [_thread_blocked, id=4724, stack(0x00000000596a0000,0x00000000597a0000)]
  0x000000005698a000 JavaThread "C2 CompilerThread1" daemon [_thread_blocked, id=4372, stack(0x00000000594b0000,0x00000000595b0000)]
  0x0000000057b4a800 JavaThread "C2 CompilerThread0" daemon [_thread_blocked, id=2204, stack(0x0000000058fd0000,0x00000000590d0000)]
  0x0000000057b48000 JavaThread "Attach Listener" daemon [_thread_blocked, id=2088, stack(0x0000000059300000,0x0000000059400000)]
  0x0000000057b46800 JavaThread "Signal Dispatcher" daemon [_thread_blocked, id=3884, stack(0x00000000590d0000,0x00000000591d0000)]
  0x000000005697d800 JavaThread "Finalizer" daemon [_thread_blocked, id=3724, stack(0x0000000058ea0000,0x0000000058fa0000)]
  0x0000000056976800 JavaThread "Reference Handler" daemon [_thread_blocked, id=4760, stack(0x0000000058c90000,0x0000000058d90000)]
  0x000000000231e800 JavaThread "main" [_thread_blocked, id=4580, stack(0x0000000002520000,0x0000000002620000)]

Other Threads:
  0x0000000057af2800 VMThread [stack: 0x0000000058b80000,0x0000000058c80000] [id=3604]
  0x0000000057ba1800 WatcherThread [stack: 0x0000000059b70000,0x0000000059c70000] [id=4624]

=>0x0000000002241800 (exited) GCTaskThread [stack: 0x00000000023f0000,0x00000000024f0000] [id=3020]

VM state:at safepoint (normal execution)

VM Mutex/Monitor currently owned by a thread:  ([mutex/lock_event])
[0x000000000231ccb0] Threads_lock - owner thread: 0x0000000057af2800
[0x000000000231d1b0] Heap_lock - owner thread: 0x000000005ac79800

Heap:
 PSYoungGen      total 87040K, used 7257K [0x00000000e0000000, 0x00000000e8280000, 0x0000000100000000)
  eden space 75264K, 0% used [0x00000000e0000000,0x00000000e0000000,0x00000000e4980000)
  from space 11776K, 61% used [0x00000000e4980000,0x00000000e50964a0,0x00000000e5500000)
  to   space 11264K, 0% used [0x00000000e7780000,0x00000000e7780000,0x00000000e8280000)
 ParOldGen       total 66560K, used 11090K [0x00000000a0000000, 0x00000000a4100000, 0x00000000e0000000)
  object space 66560K, 16% used [0x00000000a0000000,0x00000000a0ad4958,0x00000000a4100000)
 Metaspace       used 34473K, capacity 35258K, committed 35456K, reserved 1079296K
  class space    used 4667K, capacity 4882K, committed 4992K, reserved 1048576K

Card table byte_map: [0x0000000011cb0000,0x0000000011fc0000] byte_map_base: 0x00000000117b0000

Marking Bits: (ParMarkBitMap*) 0x000000005d5118f0
 Begin Bits: [0x0000000012c90000, 0x0000000014490000)
 End Bits:   [0x0000000014490000, 0x0000000015c90000)

Polling page: 0x0000000000230000

CodeCache: size=245760Kb used=13759Kb max_used=13759Kb free=232000Kb
 bounds [0x00000000028f0000, 0x0000000003670000, 0x00000000118f0000]
 total_blobs=4147 nmethods=3446 adapters=614
 compilation: enabled

Compilation events (10 events):
Event: 12.451 Thread 0x000000005698d800 3476       3       com.google.common.collect.ImmutableCollection$Builder::<init> (5 bytes)
Event: 12.451 Thread 0x000000005698d800 nmethod 3476 0x0000000003666210 code [0x0000000003666360, 0x0000000003666510]
Event: 12.451 Thread 0x000000005698d800 3477       3       sun.misc.ProxyGenerator::code_ipush (90 bytes)
Event: 12.451 Thread 0x000000005698d800 nmethod 3477 0x0000000003668410 code [0x0000000003668660, 0x00000000036696a8]
Event: 12.451 Thread 0x000000005698d800 3490       3       org.apache.commons.lang.builder.EqualsBuilder::<init> (10 bytes)
Event: 12.452 Thread 0x000000005698d800 nmethod 3490 0x0000000003665e50 code [0x0000000003665fa0, 0x0000000003666150]
Event: 12.452 Thread 0x000000005698d800 3487       1       com.google.common.collect.ImmutableMultimap::asMap (5 bytes)
Event: 12.452 Thread 0x000000005698d800 nmethod 3487 0x0000000003665b90 code [0x0000000003665ce0, 0x0000000003665df0]
Event: 12.452 Thread 0x000000005698d800 3491       1       org.gradle.model.internal.manage.schema.cache.SingleWeakClassSet::hashCode (5 bytes)
Event: 12.452 Thread 0x000000005698d800 nmethod 3491 0x00000000036658d0 code [0x0000000003665a20, 0x0000000003665b30]

GC Heap History (10 events):
Event: 5.903 GC heap after
Heap after GC invocations=6 (full 1):
 PSYoungGen      total 38400K, used 3621K [0x00000000e0000000, 0x00000000e4880000, 0x0000000100000000)
  eden space 33280K, 0% used [0x00000000e0000000,0x00000000e0000000,0x00000000e2080000)
  from space 5120K, 70% used [0x00000000e2080000,0x00000000e2409768,0x00000000e2580000)
  to   space 11264K, 0% used [0x00000000e3d80000,0x00000000e3d80000,0x00000000e4880000)
 ParOldGen       total 66560K, used 9349K [0x00000000a0000000, 0x00000000a4100000, 0x00000000e0000000)
  object space 66560K, 14% used [0x00000000a0000000,0x00000000a09215c0,0x00000000a4100000)
 Metaspace       used 23647K, capacity 24080K, committed 24448K, reserved 1071104K
  class space    used 3187K, capacity 3337K, committed 3456K, reserved 1048576K
}
Event: 7.121 GC heap before
{Heap before GC invocations=7 (full 1):
 PSYoungGen      total 38400K, used 36901K [0x00000000e0000000, 0x00000000e4880000, 0x0000000100000000)
  eden space 33280K, 100% used [0x00000000e0000000,0x00000000e2080000,0x00000000e2080000)
  from space 5120K, 70% used [0x00000000e2080000,0x00000000e2409768,0x00000000e2580000)
  to   space 11264K, 0% used [0x00000000e3d80000,0x00000000e3d80000,0x00000000e4880000)
 ParOldGen       total 66560K, used 9349K [0x00000000a0000000, 0x00000000a4100000, 0x00000000e0000000)
  object space 66560K, 14% used [0x00000000a0000000,0x00000000a09215c0,0x00000000a4100000)
 Metaspace       used 26424K, capacity 26980K, committed 27136K, reserved 1073152K
  class space    used 3657K, capacity 3782K, committed 3840K, reserved 1048576K
Event: 7.129 GC heap after
Heap after GC invocations=7 (full 1):
 PSYoungGen      total 58880K, used 6295K [0x00000000e0000000, 0x00000000e4580000, 0x0000000100000000)
  eden space 50688K, 0% used [0x00000000e0000000,0x00000000e0000000,0x00000000e3180000)
  from space 8192K, 76% used [0x00000000e3d80000,0x00000000e43a5f80,0x00000000e4580000)
  to   space 10240K, 0% used [0x00000000e3180000,0x00000000e3180000,0x00000000e3b80000)
 ParOldGen       total 66560K, used 9357K [0x00000000a0000000, 0x00000000a4100000, 0x00000000e0000000)
  object space 66560K, 14% used [0x00000000a0000000,0x00000000a09235c0,0x00000000a4100000)
 Metaspace       used 26424K, capacity 26980K, committed 27136K, reserved 1073152K
  class space    used 3657K, capacity 3782K, committed 3840K, reserved 1048576K
}
Event: 8.899 GC heap before
{Heap before GC invocations=8 (full 1):
 PSYoungGen      total 58880K, used 56983K [0x00000000e0000000, 0x00000000e4580000, 0x0000000100000000)
  eden space 50688K, 100% used [0x00000000e0000000,0x00000000e3180000,0x00000000e3180000)
  from space 8192K, 76% used [0x00000000e3d80000,0x00000000e43a5f80,0x00000000e4580000)
  to   space 10240K, 0% used [0x00000000e3180000,0x00000000e3180000,0x00000000e3b80000)
 ParOldGen       total 66560K, used 9357K [0x00000000a0000000, 0x00000000a4100000, 0x00000000e0000000)
  object space 66560K, 14% used [0x00000000a0000000,0x00000000a09235c0,0x00000000a4100000)
 Metaspace       used 29655K, capacity 30288K, committed 30464K, reserved 1075200K
  class space    used 4067K, capacity 4242K, committed 4352K, reserved 1048576K
Event: 8.923 GC heap after
Heap after GC invocations=8 (full 1):
 PSYoungGen      total 60928K, used 7173K [0x00000000e0000000, 0x00000000e6080000, 0x0000000100000000)
  eden space 50688K, 0% used [0x00000000e0000000,0x00000000e0000000,0x00000000e3180000)
  from space 10240K, 70% used [0x00000000e3180000,0x00000000e38816b8,0x00000000e3b80000)
  to   space 10240K, 0% used [0x00000000e5680000,0x00000000e5680000,0x00000000e6080000)
 ParOldGen       total 66560K, used 9365K [0x00000000a0000000, 0x00000000a4100000, 0x00000000e0000000)
  object space 66560K, 14% used [0x00000000a0000000,0x00000000a09255c0,0x00000000a4100000)
 Metaspace       used 29655K, capacity 30288K, committed 30464K, reserved 1075200K
  class space    used 4067K, capacity 4242K, committed 4352K, reserved 1048576K
}
Event: 12.407 GC heap before
{Heap before GC invocations=9 (full 1):
 PSYoungGen      total 60928K, used 57861K [0x00000000e0000000, 0x00000000e6080000, 0x0000000100000000)
  eden space 50688K, 100% used [0x00000000e0000000,0x00000000e3180000,0x00000000e3180000)
  from space 10240K, 70% used [0x00000000e3180000,0x00000000e38816b8,0x00000000e3b80000)
  to   space 10240K, 0% used [0x00000000e5680000,0x00000000e5680000,0x00000000e6080000)
 ParOldGen       total 66560K, used 9365K [0x00000000a0000000, 0x00000000a4100000, 0x00000000e0000000)
  object space 66560K, 14% used [0x00000000a0000000,0x00000000a09255c0,0x00000000a4100000)
 Metaspace       used 34180K, capacity 34870K, committed 35072K, reserved 1079296K
  class space    used 4626K, capacity 4814K, committed 4864K, reserved 1048576K
Event: 12.415 GC heap after
Heap after GC invocations=9 (full 1):
 PSYoungGen      total 85504K, used 10235K [0x00000000e0000000, 0x00000000e6080000, 0x0000000100000000)
  eden space 75264K, 0% used [0x00000000e0000000,0x00000000e0000000,0x00000000e4980000)
  from space 10240K, 99% used [0x00000000e5680000,0x00000000e607efb8,0x00000000e6080000)
  to   space 11776K, 0% used [0x00000000e4980000,0x00000000e4980000,0x00000000e5500000)
 ParOldGen       total 66560K, used 9758K [0x00000000a0000000, 0x00000000a4100000, 0x00000000e0000000)
  object space 66560K, 14% used [0x00000000a0000000,0x00000000a09878f8,0x00000000a4100000)
 Metaspace       used 34180K, capacity 34870K, committed 35072K, reserved 1079296K
  class space    used 4626K, capacity 4814K, committed 4864K, reserved 1048576K
}
Event: 12.515 GC heap before
{Heap before GC invocations=10 (full 1):
 PSYoungGen      total 85504K, used 16043K [0x00000000e0000000, 0x00000000e6080000, 0x0000000100000000)
  eden space 75264K, 7% used [0x00000000e0000000,0x00000000e05abe58,0x00000000e4980000)
  from space 10240K, 99% used [0x00000000e5680000,0x00000000e607efb8,0x00000000e6080000)
  to   space 11776K, 0% used [0x00000000e4980000,0x00000000e4980000,0x00000000e5500000)
 ParOldGen       total 66560K, used 9758K [0x00000000a0000000, 0x00000000a4100000, 0x00000000e0000000)
  object space 66560K, 14% used [0x00000000a0000000,0x00000000a09878f8,0x00000000a4100000)
 Metaspace       used 34473K, capacity 35258K, committed 35456K, reserved 1079296K
  class space    used 4667K, capacity 4882K, committed 4992K, reserved 1048576K
Event: 12.527 GC heap after
Heap after GC invocations=10 (full 1):
 PSYoungGen      total 87040K, used 7257K [0x00000000e0000000, 0x00000000e8280000, 0x0000000100000000)
  eden space 75264K, 0% used [0x00000000e0000000,0x00000000e0000000,0x00000000e4980000)
  from space 11776K, 61% used [0x00000000e4980000,0x00000000e50964a0,0x00000000e5500000)
  to   space 11264K, 0% used [0x00000000e7780000,0x00000000e7780000,0x00000000e8280000)
 ParOldGen       total 66560K, used 11090K [0x00000000a0000000, 0x00000000a4100000, 0x00000000e0000000)
  object space 66560K, 16% used [0x00000000a0000000,0x00000000a0ad4958,0x00000000a4100000)
 Metaspace       used 34473K, capacity 35258K, committed 35456K, reserved 1079296K
  class space    used 4667K, capacity 4882K, committed 4992K, reserved 1048576K
}
Event: 12.527 GC heap before
{Heap before GC invocations=11 (full 2):
 PSYoungGen      total 87040K, used 7257K [0x00000000e0000000, 0x00000000e8280000, 0x0000000100000000)
  eden space 75264K, 0% used [0x00000000e0000000,0x00000000e0000000,0x00000000e4980000)
  from space 11776K, 61% used [0x00000000e4980000,0x00000000e50964a0,0x00000000e5500000)
  to   space 11264K, 0% used [0x00000000e7780000,0x00000000e7780000,0x00000000e8280000)
 ParOldGen       total 66560K, used 11090K [0x00000000a0000000, 0x00000000a4100000, 0x00000000e0000000)
  object space 66560K, 16% used [0x00000000a0000000,0x00000000a0ad4958,0x00000000a4100000)
 Metaspace       used 34473K, capacity 35258K, committed 35456K, reserved 1079296K
  class space    used 4667K, capacity 4882K, committed 4992K, reserved 1048576K

Deoptimization events (10 events):
Event: 8.876 Thread 0x000000005ac79800 Uncommon trap: reason=unstable_if action=reinterpret pc=0x00000000033678e0 method=com.sun.org.apache.xerces.internal.parsers.AbstractDOMParser.characters(Lcom/sun/org/apache/xerces/internal/xni/XMLString;Lcom/sun/org/apache/xerces/internal/xni/Augmentationa£«
×É!@
Event: 8.894 Thread 0x000000005ac79800 Uncommon trap: reason=unstable_if action=reinterpret pc=0x0000000003311460 method=com.sun.org.apache.xerces.internal.impl.io.UTF8Reader.read([CII)I @ 131
Event: 9.073 Thread 0x000000005ac79800 Uncommon trap: reason=unstable_if action=reinterpret pc=0x000000000345c0c8 method=com.sun.org.apache.xerces.internal.impl.XMLEntityScanner.scanName()Ljava/lang/String; @ 69
Event: 9.112 Thread 0x000000005ac79800 Uncommon trap: reason=unstable_if action=reinterpret pc=0x00000000033e7d48 method=com.sun.org.apache.xerces.internal.impl.XMLEntityScanner.skipSpaces()Z @ 75
Event: 9.112 Thread 0x000000005ac79800 Uncommon trap: reason=unstable_if action=reinterpret pc=0x00000000033df298 method=com.sun.org.apache.xerces.internal.impl.XMLEntityScanner.skipSpaces()Z @ 75
Event: 9.114 Thread 0x000000005ac79800 Uncommon trap: reason=unstable_if action=reinterpret pc=0x000000000346a2c4 method=com.sun.org.apache.xerces.internal.impl.XMLDocumentFragmentScannerImpl$FragmentContentDriver.next()I @ 815
Event: 11.972 Thread 0x000000005ac79800 Uncommon trap: reason=unstable_if action=reinterpret pc=0x0000000002a14ab8 method=java.util.regex.Pattern$CharProperty.match(Ljava/util/regex/Matcher;ILjava/lang/CharSequence;)Z @ 40
Event: 12.119 Thread 0x000000005ac79800 Uncommon trap: reason=unstable_if action=reinterpret pc=0x0000000003318acc method=java.lang.Integer.valueOf(I)Ljava/lang/Integer; @ 3
Event: 12.253 Thread 0x000000005ac79800 Uncommon trap: reason=bimorphic action=maybe_recompile pc=0x00000000030bb0dc method=java.security.MessageDigest$Delegate.engineUpdate([BII)V @ 7
Event: 12.253 Thread 0x000000005ac79800 Uncommon trap: reason=bimorphic action=maybe_recompile pc=0x00000000030bb0dc method=java.security.MessageDigest$Delegate.engineUpdate([BII)V @ 7

Internal exceptions (10 events):
Event: 11.966 Thread 0x000000005ac79800 Exception <a 'java/lang/ClassNotFoundException': groovy/lang/GroovyObjectBeanInfo> (0x00000000e1772a80) thrown at [C:\src\android\AOSP-openjdk\external\jetbrains\jdk\hotspot\src\share\vm\classfile\systemDictionary.cpp, line 210]
Event: 11.967 Thread 0x000000005ac79800 Exception <a 'java/lang/ClassNotFoundException': groovy/lang/GroovyObjectCustomizer> (0x00000000e1791090) thrown at [C:\src\android\AOSP-openjdk\external\jetbrains\jdk\hotspot\src\share\vm\classfile\systemDictionary.cpp, line 210]
Event: 11.967 Thread 0x000000005ac79800 Exception <a 'java/lang/ClassNotFoundException': org/gradle/api/ScriptBeanInfo> (0x00000000e17be358) thrown at [C:\src\android\AOSP-openjdk\external\jetbrains\jdk\hotspot\src\share\vm\classfile\systemDictionary.cpp, line 210]
Event: 11.968 Thread 0x000000005ac79800 Exception <a 'java/lang/ClassNotFoundException': org/gradle/api/ScriptCustomizer> (0x00000000e17dbb30) thrown at [C:\src\android\AOSP-openjdk\external\jetbrains\jdk\hotspot\src\share\vm\classfile\systemDictionary.cpp, line 210]
Event: 11.969 Thread 0x000000005ac79800 Exception <a 'java/lang/ClassNotFoundException': org/gradle/api/internal/file/FileOperationsBeanInfo> (0x00000000e18247d8) thrown at [C:\src\android\AOSP-openjdk\external\jetbrains\jdk\hotspot\src\share\vm\classfile\systemDictionary.cpp, line 210]
Event: 11.969 Thread 0x000000005ac79800 Exception <a 'java/lang/ClassNotFoundException': org/gradle/api/internal/file/FileOperationsCustomizer> (0x00000000e184caa8) thrown at [C:\src\android\AOSP-openjdk\external\jetbrains\jdk\hotspot\src\share\vm\classfile\systemDictionary.cpp, line 210]
Event: 11.970 Thread 0x000000005ac79800 Exception <a 'java/lang/ClassNotFoundException': org/gradle/api/internal/ProcessOperationsBeanInfo> (0x00000000e188fff8) thrown at [C:\src\android\AOSP-openjdk\external\jetbrains\jdk\hotspot\src\share\vm\classfile\systemDictionary.cpp, line 210]
Event: 11.971 Thread 0x000000005ac79800 Exception <a 'java/lang/ClassNotFoundException': org/gradle/api/internal/ProcessOperationsCustomizer> (0x00000000e18b7848) thrown at [C:\src\android\AOSP-openjdk\external\jetbrains\jdk\hotspot\src\share\vm\classfile\systemDictionary.cpp, line 210]
Event: 12.077 Thread 0x000000005ac79800 Exception <a 'java/lang/ClassNotFoundException': build_2zruzgactuolbaiw5ziefoks2BeanInfo> (0x00000000e1959f90) thrown at [C:\src\android\AOSP-openjdk\external\jetbrains\jdk\hotspot\src\share\vm\classfile\systemDictionary.cpp, line 210]
Event: 12.077 Thread 0x000000005ac79800 Exception <a 'java/lang/ClassNotFoundException': build_2zruzgactuolbaiw5ziefoks2Customizer> (0x00000000e196a610) thrown at [C:\src\android\AOSP-openjdk\external\jetbrains\jdk\hotspot\src\share\vm\classfile\systemDictionary.cpp, line 210]

Events (10 events):
Event: 12.491 loading class org/apache/tools/ant/helper/AntXMLContext done
Event: 12.502 loading class org/apache/tools/ant/Task
Event: 12.502 loading class org/apache/tools/ant/Task done
Event: 12.512 loading class org/apache/tools/ant/ProjectComponent
Event: 12.512 loading class org/apache/tools/ant/ProjectComponent done
Event: 12.513 loading class org/apache/tools/ant/Target
Event: 12.513 loading class org/apache/tools/ant/Target done
Event: 12.514 loading class org/apache/tools/ant/TaskContainer
Event: 12.514 loading class org/apache/tools/ant/TaskContainer done
Event: 12.514 Executing VM operation: CollectForMetadataAllocation


Dynamic libraries:
0x000000013fb80000 - 0x000000013fbb1000 	C:\Program Files\Android\Android Studio\jre\bin\java.exe
0x00000000774c0000 - 0x0000000077669000 	C:\Windows\SYSTEM32\ntdll.dll
0x00000000772a0000 - 0x00000000773bf000 	C:\Windows\system32\kernel32.dll
0x000007fefd470000 - 0x000007fefd4dc000 	C:\Windows\system32\KERNELBASE.dll
0x000007fefd7d0000 - 0x000007fefd8ab000 	C:\Windows\system32\ADVAPI32.dll
0x000007feff090000 - 0x000007feff12f000 	C:\Windows\system32\msvcrt.dll
0x000007feff260000 - 0x000007feff27f000 	C:\Windows\SYSTEM32\sechost.dll
0x000007fefee90000 - 0x000007fefefbd000 	C:\Windows\system32\RPCRT4.dll
0x00000000773c0000 - 0x00000000774ba000 	C:\Windows\system32\USER32.dll
0x000007fefd8b0000 - 0x000007fefd917000 	C:\Windows\system32\GDI32.dll
0x000007fefee80000 - 0x000007fefee8e000 	C:\Windows\system32\LPK.dll
0x000007fefefc0000 - 0x000007feff089000 	C:\Windows\system32\USP10.dll
0x000007fefc7c0000 - 0x000007fefc9b4000 	C:\Windows\WinSxS\amd64_microsoft.windows.common-controls_6595b64144ccf1df_6.0.7601.18837_none_fa3b1e3d17594757\COMCTL32.dll
0x000007fefdd30000 - 0x000007fefdda1000 	C:\Windows\system32\SHLWAPI.dll
0x000007fefde00000 - 0x000007fefde2e000 	C:\Windows\system32\IMM32.DLL
0x000007feff130000 - 0x000007feff239000 	C:\Windows\system32\MSCTF.dll
0x0000000060530000 - 0x0000000060602000 	C:\Program Files\Android\Android Studio\jre\jre\bin\msvcr100.dll
0x000000005cd50000 - 0x000000005d58c000 	C:\Program Files\Android\Android Studio\jre\jre\bin\server\jvm.dll
0x000007fef4330000 - 0x000007fef4339000 	C:\Windows\system32\WSOCK32.dll
0x000007fefddb0000 - 0x000007fefddfd000 	C:\Windows\system32\WS2_32.dll
0x000007feff280000 - 0x000007feff288000 	C:\Windows\system32\NSI.dll
0x000007fefa7a0000 - 0x000007fefa7db000 	C:\Windows\system32\WINMM.dll
0x000007fefbee0000 - 0x000007fefbeec000 	C:\Windows\system32\VERSION.dll
0x0000000077680000 - 0x0000000077687000 	C:\Windows\system32\PSAPI.DLL
0x000007fefaf40000 - 0x000007fefaf4f000 	C:\Program Files\Android\Android Studio\jre\jre\bin\verify.dll
0x000007fee30c0000 - 0x000007fee30e9000 	C:\Program Files\Android\Android Studio\jre\jre\bin\java.dll
0x000007fee30a0000 - 0x000007fee30b6000 	C:\Program Files\Android\Android Studio\jre\jre\bin\zip.dll
0x000007fefe0f0000 - 0x000007fefee79000 	C:\Windows\system32\SHELL32.dll
0x000007fefdb20000 - 0x000007fefdd23000 	C:\Windows\system32\ole32.dll
0x000007fefd380000 - 0x000007fefd38f000 	C:\Windows\system32\profapi.dll
0x000007fee25a0000 - 0x000007fee25ba000 	C:\Program Files\Android\Android Studio\jre\jre\bin\net.dll
0x000007fefcb70000 - 0x000007fefcbc5000 	C:\Windows\system32\mswsock.dll
0x000007fefcb60000 - 0x000007fefcb67000 	C:\Windows\System32\wship6.dll
0x000007fee2580000 - 0x000007fee2591000 	C:\Program Files\Android\Android Studio\jre\jre\bin\nio.dll
0x000007fef2fa0000 - 0x000007fef2fbe000 	C:\Users\Miroslav\.gradle\native\23\windows-amd64\native-platform.dll
0x000007fefcbd0000 - 0x000007fefcbe8000 	C:\Windows\system32\CRYPTSP.dll
0x000007fefc670000 - 0x000007fefc6b7000 	C:\Windows\system32\rsaenh.dll
0x000007fefc400000 - 0x000007fefc41e000 	C:\Windows\system32\USERENV.dll
0x000007fefd2b0000 - 0x000007fefd2bf000 	C:\Windows\system32\CRYPTBASE.dll
0x000007fefa6a0000 - 0x000007fefa6c7000 	C:\Windows\system32\IPHLPAPI.DLL
0x000007fefa690000 - 0x000007fefa69b000 	C:\Windows\system32\WINNSI.DLL
0x000007fefa490000 - 0x000007fefa4a8000 	C:\Windows\system32\dhcpcsvc.DLL
0x000007fefa470000 - 0x000007fefa481000 	C:\Windows\system32\dhcpcsvc6.DLL
0x000007fee2280000 - 0x000007fee228d000 	C:\Program Files\Android\Android Studio\jre\jre\bin\management.dll
0x000007fefd250000 - 0x000007fefd2a7000 	C:\Windows\system32\apphelp.dll
0x000007fefbef0000 - 0x000007fefc015000 	C:\Windows\system32\dbghelp.dll

VM Arguments:
jvm_args: -Xmx1536m -Dfile.encoding=windows-1252 -Duser.country=US -Duser.language=en -Duser.variant 
java_command: org.gradle.launcher.daemon.bootstrap.GradleDaemon 3.3
java_class_path (initial): C:\Users\Miroslav\.gradle\wrapper\dists\gradle-3.3-all\55gk2rcmfc6p2dg9u9ohc3hw9\gradle-3.3\lib\gradle-launcher-3.3.jar
Launcher Type: SUN_STANDARD

Environment Variables:
PATH=C:\Program Files (x86)\IntelSWTools\Trace Analyzer and Collector\9.1.2.024\bin;C:\Program Files (x86)\IntelSWTools\compilers_and_libraries_2016.2.180\windows\mpi\intel64\bin;C:\Program Files (x86)\Common Files\Intel\Shared Libraries\redist\intel64_win\mpirt;C:\Program Files (x86)\Common Files\Intel\Shared Libraries\redist\ia32_win\mpirt;C:\Program Files (x86)\Common Files\Intel\Shared Libraries\redist\intel64_win\compiler;C:\Program Files (x86)\Common Files\Intel\Shared Libraries\redist\ia32_win\compiler;C:\Windows\system32;C:\Windows;C:\Windows\System32\Wbem;C:\Windows\System32\WindowsPowerShell\v1.0\;C:\Program Files (x86)\AMD\ATI.ACE\Core-Static;C:\Program Files\MATLAB\R2013a\runtime\win64;C:\Program Files\MATLAB\R2013a\bin;C:\Program Files (x86)\Skype\Phone\;C:\Windows\system32\config\systemprofile\.dnx\bin;C:\Program Files\Microsoft DNX\Dnvm\;C:\Program Files (x86)\Windows Kits\10\Windows Performance Toolkit\;C:\Program Files (x86)\IntelSWTools\Trace Analyzer and Collector\9.1.2.024\dll
USERNAME=Miroslav
OS=Windows_NT
PROCESSOR_IDENTIFIER=Intel64 Family 6 Model 58 Stepping 9, GenuineIntel



---------------  S Y S T E M  ---------------

OS: Windows 7 , 64 bit Build 7601 (6.1.7601.18933)

CPU:total 8 (4 cores per cpu, 2 threads per core) family 6 model 58 stepping 9, cmov, cx8, fxsr, mmx, sse, sse2, sse3, ssse3, sse4.1, sse4.2, popcnt, avx, aes, clmul, erms, ht, tsc, tscinvbit, tscinv

Memory: 4k page, physical 8338744k(5499964k free), swap 16675648k(13561288k free)

vm_info: OpenJDK 64-Bit Server VM (25.112-b06) for windows-amd64 JRE (1.8.0_112-release-b06), built on Dec  8 2016 00:54:26 by "builder" with MS VC++ 10.0 (VS2010)

time: Wed Mar 29 20:26:35 2017
elapsed time: 12 seconds (0d 0h 0m 12s)

